<?xml version="1.0" ?>
<testsuite errors="0" failures="0" name="RestApiTestSmokeTest-20190508183829" tests="4" time="0.497">
	<testcase classname="RestApiTestSmokeTest" name="test_Json_Schema_Albums" time="0.271"/>
	<testcase classname="RestApiTestSmokeTest" name="test_Json_Schema_Users" time="0.074"/>
	<testcase classname="RestApiTestSmokeTest" name="test_Status_code_for_Albums" time="0.072"/>
	<testcase classname="RestApiTestSmokeTest" name="test_Status_code_for_Users" time="0.079"/>
	<system-out>
<![CDATA[## Checking JSON schema for https://jsonplaceholder.typicode.com/albums ##
0.27050018310546875
## Checking JSON schema for https://jsonplaceholder.typicode.com/users ##
0.07449841499328613
## Checking status code for https://jsonplaceholder.typicode.com/albums ##
0.07248640060424805
## Checking status code for https://jsonplaceholder.typicode.com/users ##
0.07949495315551758
]]>	</system-out>
	<system-err>
<![CDATA[]]>	</system-err>
</testsuite>
